<?xml version="1.0" encoding="UTF-8"?>
<testsuite xmlns:xsi="http://www.w3.org/2001/XMLSchema-instance" xsi:noNamespaceSchemaLocation="https://maven.apache.org/surefire/maven-surefire-plugin/xsd/surefire-test-report-3.0.xsd" version="3.0" name="CalculatorEngineTest" time="0.183" tests="11" errors="0" skipped="0" failures="0">
  <properties>
[...]
</properties>
  <testcase name="testPerformScientificTrigonometricAndLogSqrtPow" classname="CalculatorEngineTest" time="0.077"/>
  <testcase name="testMultiplication" classname="CalculatorEngineTest" time="0.004"/>
  <testcase name="testAddition" classname="CalculatorEngineTest" time="0.003"/>
  <testcase name="testPerformScientificInvalidInputsAndFunctions" classname="CalculatorEngineTest" time="0.005"/>
  <testcase name="testScientificFunctions" classname="CalculatorEngineTest" time="0.005"/>
  <testcase name="testPerformOperationDivisionByZeroAndInvalidOperator" classname="CalculatorEngineTest" time="0.009"/>
  <testcase name="testDivision" classname="CalculatorEngineTest" time="0.0"/>
  <testcase name="testSquareRoot" classname="CalculatorEngineTest" time="0.004"/>
  <testcase name="testInvalidInput" classname="CalculatorEngineTest" time="0.005"/>
  <testcase name="testPerformOperationBasicArithmetic" classname="CalculatorEngineTest" time="0.0"/>
  <testcase name="testSubtraction" classname="CalculatorEngineTest" time="0.0"/>
</testsuite>